

Report
======
1715 statements analysed.

Statistics by type
------------------

+---------+-------+-----------+-----------+------------+---------+
|type     |number |old number |difference |%documented |%badname |
+=========+=======+===========+===========+============+=========+
|module   |54     |89         |-35.00     |100.00      |74.07    |
+---------+-------+-----------+-----------+------------+---------+
|class    |0      |18         |-18.00     |0           |0        |
+---------+-------+-----------+-----------+------------+---------+
|method   |0      |80         |-80.00     |0           |0        |
+---------+-------+-----------+-----------+------------+---------+
|function |0      |419        |-419.00    |0           |0        |
+---------+-------+-----------+-----------+------------+---------+



6795 lines have been analyzed

Raw metrics
-----------

+----------+-------+------+---------+-----------+
|type      |number |%     |previous |difference |
+==========+=======+======+=========+===========+
|code      |4480   |65.93 |8982     |-4502.00   |
+----------+-------+------+---------+-----------+
|docstring |1456   |21.43 |3454     |-1998.00   |
+----------+-------+------+---------+-----------+
|comment   |66     |0.97  |247      |-181.00    |
+----------+-------+------+---------+-----------+
|empty     |793    |11.67 |1535     |-742.00    |
+----------+-------+------+---------+-----------+



Duplication
-----------

+-------------------------+------+---------+-----------+
|                         |now   |previous |difference |
+=========================+======+=========+===========+
|nb duplicated lines      |0     |0        |0          |
+-------------------------+------+---------+-----------+
|percent duplicated lines |0.000 |0.000    |=          |
+-------------------------+------+---------+-----------+



Messages by category
--------------------

+-----------+-------+---------+-----------+
|type       |number |previous |difference |
+===========+=======+=========+===========+
|convention |0      |0        |0          |
+-----------+-------+---------+-----------+
|refactor   |0      |0        |0          |
+-----------+-------+---------+-----------+
|warning    |0      |0        |0          |
+-----------+-------+---------+-----------+
|error      |0      |0        |0          |
+-----------+-------+---------+-----------+



Messages
--------

+-----------+------------+
|message id |occurrences |
+===========+============+




--------------------------------------------------------------------
Your code has been rated at 10.00/10 (previous run: 10.00/10, +0.00)

